Performing C SOURCE FILE Test _GLFW_HAS_ASLR failed with the following output:
Change Dir: C:/Users/Otrebor Azilab/Desktop/Senior1 20-21/Sem1/Comp Graphics/New-Betengans/cmake-build-debug/CMakeFiles/CMakeTmp

Run Build Command(s):C:/MinGW/bin/mingw32-make.exe cmTC_e2b07/fast && C:/MinGW/bin/mingw32-make.exe  -f CMakeFiles\cmTC_e2b07.dir\build.make CMakeFiles/cmTC_e2b07.dir/build
mingw32-make[1]: Entering directory 'C:/Users/Otrebor Azilab/Desktop/Senior1 20-21/Sem1/Comp Graphics/New-Betengans/cmake-build-debug/CMakeFiles/CMakeTmp'
Building C object CMakeFiles/cmTC_e2b07.dir/src.c.obj
C:\MinGW\bin\gcc.exe   -D_GLFW_HAS_ASLR -Wl,--dynamicbase   -o CMakeFiles\cmTC_e2b07.dir\src.c.obj   -c "C:\Users\Otrebor Azilab\Desktop\Senior1 20-21\Sem1\Comp Graphics\New-Betengans\cmake-build-debug\CMakeFiles\CMakeTmp\src.c"
Linking C executable cmTC_e2b07.exe
"C:\Program Files\JetBrains\CLion 2020.2.4\bin\cmake\win\bin\cmake.exe" -E cmake_link_script CMakeFiles\cmTC_e2b07.dir\link.txt --verbose=1
"C:\Program Files\JetBrains\CLion 2020.2.4\bin\cmake\win\bin\cmake.exe" -E rm -f CMakeFiles\cmTC_e2b07.dir/objects.a
C:\MinGW\bin\ar.exe cr CMakeFiles\cmTC_e2b07.dir/objects.a @CMakeFiles\cmTC_e2b07.dir\objects1.rsp
C:\MinGW\bin\gcc.exe  -D_GLFW_HAS_ASLR -Wl,--dynamicbase    -Wl,--whole-archive CMakeFiles\cmTC_e2b07.dir/objects.a -Wl,--no-whole-archive  -o cmTC_e2b07.exe -Wl,--out-implib,libcmTC_e2b07.dll.a -Wl,--major-image-version,0,--minor-image-version,0 @CMakeFiles\cmTC_e2b07.dir\linklibs.rsp
collect2.exe: error: ld returned 5 exit status
mingw32-make[1]: *** [CMakeFiles\cmTC_e2b07.dir\build.make:108: cmTC_e2b07.exe] Error 1
mingw32-make[1]: *** Deleting file 'cmTC_e2b07.exe'
mingw32-make[1]: Leaving directory 'C:/Users/Otrebor Azilab/Desktop/Senior1 20-21/Sem1/Comp Graphics/New-Betengans/cmake-build-debug/CMakeFiles/CMakeTmp'
mingw32-make: *** [makefile:140: cmTC_e2b07/fast] Error 2


Source file was:
int main(void) { return 0; }
Performing C SOURCE FILE Test _GLFW_HAS_64ASLR failed with the following output:
Change Dir: C:/Users/Otrebor Azilab/Desktop/Senior1 20-21/Sem1/Comp Graphics/New-Betengans/cmake-build-debug/CMakeFiles/CMakeTmp

Run Build Command(s):C:/MinGW/bin/mingw32-make.exe cmTC_ff976/fast && C:/MinGW/bin/mingw32-make.exe  -f CMakeFiles\cmTC_ff976.dir\build.make CMakeFiles/cmTC_ff976.dir/build
mingw32-make[1]: Entering directory 'C:/Users/Otrebor Azilab/Desktop/Senior1 20-21/Sem1/Comp Graphics/New-Betengans/cmake-build-debug/CMakeFiles/CMakeTmp'
Building C object CMakeFiles/cmTC_ff976.dir/src.c.obj
C:\MinGW\bin\gcc.exe   -D_GLFW_HAS_64ASLR -Wl,--high-entropy-va   -o CMakeFiles\cmTC_ff976.dir\src.c.obj   -c "C:\Users\Otrebor Azilab\Desktop\Senior1 20-21\Sem1\Comp Graphics\New-Betengans\cmake-build-debug\CMakeFiles\CMakeTmp\src.c"
Linking C executable cmTC_ff976.exe
"C:\Program Files\JetBrains\CLion 2020.2.4\bin\cmake\win\bin\cmake.exe" -E cmake_link_script CMakeFiles\cmTC_ff976.dir\link.txt --verbose=1
"C:\Program Files\JetBrains\CLion 2020.2.4\bin\cmake\win\bin\cmake.exe" -E rm -f CMakeFiles\cmTC_ff976.dir/objects.a
C:\MinGW\bin\ar.exe cr CMakeFiles\cmTC_ff976.dir/objects.a @CMakeFiles\cmTC_ff976.dir\objects1.rsp
C:\MinGW\bin\gcc.exe  -D_GLFW_HAS_64ASLR -Wl,--high-entropy-va    -Wl,--whole-archive CMakeFiles\cmTC_ff976.dir/objects.a -Wl,--no-whole-archive  -o cmTC_ff976.exe -Wl,--out-implib,libcmTC_ff976.dll.a -Wl,--major-image-version,0,--minor-image-version,0 @CMakeFiles\cmTC_ff976.dir\linklibs.rsp
collect2.exe: error: ld returned 5 exit status
mingw32-make[1]: *** [CMakeFiles\cmTC_ff976.dir\build.make:108: cmTC_ff976.exe] Error 1
mingw32-make[1]: *** Deleting file 'cmTC_ff976.exe'
mingw32-make[1]: Leaving directory 'C:/Users/Otrebor Azilab/Desktop/Senior1 20-21/Sem1/Comp Graphics/New-Betengans/cmake-build-debug/CMakeFiles/CMakeTmp'
mingw32-make: *** [makefile:140: cmTC_ff976/fast] Error 2


Source file was:
int main(void) { return 0; }
